<?xml version="1.0" encoding="UTF-8"?>
<!-- Generated by org.testng.reporters.JUnitReportReporter -->
<testsuite hostname="Rupam" failures="0" tests="1" name="com.insurance.pages.HomeInterior" time="14.347" errors="0" timestamp="2021-01-18T17:42:43 IST" skipped="0">
  <testcase classname="com.insurance.pages.HomeInterior" name="homeInterior" time="14.347"/>
  <system-out/>
</testsuite> <!-- com.insurance.pages.HomeInterior -->
