<?xml version="1.0" encoding="UTF-8"?>
<!-- Generated by org.testng.reporters.JUnitReportReporter -->
<testsuite hostname="Rupam" failures="0" tests="2" name="com.insurance.pages.FrontPage" time="64.766" errors="0" timestamp="2021-01-18T17:42:43 IST" skipped="0">
  <testcase classname="com.insurance.pages.FrontPage" name="frontPage" time="31.107"/>
  <system-out/>
  <testcase classname="com.insurance.pages.FrontPage" name="openURL" time="33.659"/>
  <system-out/>
</testsuite> <!-- com.insurance.pages.FrontPage -->
