<?xml version="1.0" encoding="UTF-8"?>
<!-- Generated by org.testng.reporters.JUnitReportReporter -->
<testsuite hostname="Rupam" failures="0" tests="1" name="com.insurance.pages.Start" time="40.356" errors="0" timestamp="2021-01-18T17:42:43 IST" skipped="0">
  <testcase classname="com.insurance.pages.Start" name="secondPage" time="40.356"/>
  <system-out/>
</testsuite> <!-- com.insurance.pages.Start -->
